🩺 The doctor is checking the health of your Storybook..
╭ Incompatible packages found ──────────────────────────────────────────────────────╮
│                                                                                   │
│   The following packages are incompatible with Storybook 8.0.10 as they depend    │
│   on different major versions of Storybook packages:                              │
│   - storybook-addon-themes@6.1.0                                                  │
│   Repo: https://github.com/tonai/storybook-addon-themes                           │
│   - storybook@8.1.11                                                              │
│   Repo: https://github.com/storybookjs/storybook/tree/next/code/lib/cli           │
│                                                                                   │
│                                                                                   │
│   Please consider updating your packages or contacting the maintainers for        │
│   compatibility details.                                                          │
│   For more on Storybook 8 compatibility, see the linked GitHub issue:             │
│   https://github.com/storybookjs/storybook/issues/26031                           │
│                                                                                   │
╰───────────────────────────────────────────────────────────────────────────────────╯

You can always recheck the health of your project by running:
npx storybook doctor

Full logs are available in /home/natasha/Desktop/Ulbi проекты/production-project/doctor-storybook.log

