npm ERR! code ERESOLVE
npm ERR! ERESOLVE could not resolve
npm ERR! 
npm ERR! While resolving: eslint-plugin-unused-imports@3.2.0
npm ERR! Found: @typescript-eslint/eslint-plugin@5.62.0
npm ERR! node_modules/@typescript-eslint/eslint-plugin
npm ERR!   dev @typescript-eslint/eslint-plugin@"^5.62.0" from the root project
npm ERR! 
npm ERR! Could not resolve dependency:
npm ERR! peerOptional @typescript-eslint/eslint-plugin@"6 - 7" from eslint-plugin-unused-imports@3.2.0
npm ERR! node_modules/eslint-plugin-unused-imports
npm ERR!   eslint-plugin-unused-imports@"^3.0.0" from the root project
npm ERR! 
npm ERR! Conflicting peer dependency: @typescript-eslint/eslint-plugin@7.16.0
npm ERR! node_modules/@typescript-eslint/eslint-plugin
npm ERR!   peerOptional @typescript-eslint/eslint-plugin@"6 - 7" from eslint-plugin-unused-imports@3.2.0
npm ERR!   node_modules/eslint-plugin-unused-imports
npm ERR!     eslint-plugin-unused-imports@"^3.0.0" from the root project
npm ERR! 
npm ERR! Fix the upstream dependency conflict, or retry
npm ERR! this command with --force or --legacy-peer-deps
npm ERR! to accept an incorrect (and potentially broken) dependency resolution.
npm ERR! 
npm ERR! 
npm ERR! For a full report see:
npm ERR! /home/natasha/.npm/_logs/2024-07-14T13_22_09_684Z-eresolve-report.txt

npm ERR! A complete log of this run can be found in: /home/natasha/.npm/_logs/2024-07-14T13_22_09_684Z-debug-0.log
